<?xml version="1.0" encoding="UTF-8"?>
<!-- Generated by org.testng.reporters.JUnitReportReporter -->
<testsuite hostname="Kunals-MacBook-Pro.local" name="CRMTest.RunManager" tests="1" failures="0" timestamp="19 Jun 2019 09:27:06 GMT" time="0.008" errors="0">
  <testcase name="TestPass" time="0.008" classname="CRMTest.RunManager"/>
</testsuite>
